<?xml version="1.0" encoding="UTF-8"?>
<testsuite xmlns:xsi="http://www.w3.org/2001/XMLSchema-instance" xsi:noNamespaceSchemaLocation="https://maven.apache.org/surefire/maven-surefire-plugin/xsd/surefire-test-report.xsd" name="TestSuite" time="90.849" tests="10" errors="0" skipped="0" failures="0">
  <properties>
[...]
</properties>
  <testcase name="loginUserWithInWishListPage" classname="AddFourProdToWishlistTest" time="4.706"/>
  <testcase name="searchElementAndAddToWishlist" classname="AddFourProdToWishlistTest" time="7.151"/>
  <testcase name="searchElementAndAddToCard" classname="SearchAdd2ProductTest" time="4.932"/>
  <testcase name="addOneComplexElementTest" classname="AddOneComplexElementTest" time="11.86"/>
  <testcase name="searchElementAndAddToCard" classname="SearchAdd4ProductTest" time="16.213"/>
  <testcase name="loginUserWithInWishListPage" classname="AddOneProdToWishlistTest" time="3.376"/>
  <testcase name="searchElementAndAddToWishlist" classname="AddOneProdToWishlistTest" time="1.986"/>
  <testcase name="registerUserWithValidParameters" classname="UserRegisterTest" time="6.466"/>
  <testcase name="loginUserWithInWishListPage" classname="AddTwoProdToWishlistTest" time="3.25"/>
  <testcase name="searchElementAndAddToWishlist" classname="AddTwoProdToWishlistTest" time="3.446"/>
</testsuite>