<?xml version="1.0" encoding="UTF-8"?>
<testsuite xmlns:xsi="http://www.w3.org/2001/XMLSchema-instance" xsi:noNamespaceSchemaLocation="https://maven.apache.org/surefire/maven-surefire-plugin/xsd/surefire-test-report.xsd" name="TestSuite" time="685.152" tests="68" errors="0" skipped="4" failures="1">
  <properties>
[...]
</properties>
  <testcase name="loginUserWithInWishListPage" classname="AddFourProdToWishlistTest" time="4.295"/>
  <testcase name="searchElementAndAddToWishlist" classname="AddFourProdToWishlistTest" time="6.8"/>
  <testcase name="addOneComplexElementTCartTest" classname="AddOneComplexElementTest" time="13.572"/>
  <testcase name="searchByMenuAndAddToCompare" classname="AddOneProdToCompareTest" time="5.515"/>
  <testcase name="loginUserWithInWishListPage" classname="AddOneProdToWishlistTest" time="4.502"/>
  <testcase name="searchElementAndAddToWishlist" classname="AddOneProdToWishlistTest" time="2.207"/>
  <testcase name="searchElementAndAddToCompare" classname="AddSixProdToCompareTest" time="19.176"/>
  <testcase name="loginUserWithInWishListPage" classname="AddToCompareAndWishlistTest" time="4.075"/>
  <testcase name="searchByMenuAndAddToCompare" classname="AddToCompareAndWishlistTest" time="3.23"/>
  <testcase name="searchElementAndAddToCompare" classname="AddTwoProdToCompareTest" time="8.681"/>
  <testcase name="loginUserWithInWishListPage" classname="AddTwoProdToWishlistTest" time="4.159"/>
  <testcase name="searchElementAndAddToWishlist" classname="AddTwoProdToWishlistTest" time="3.596"/>
  <testcase name="addNewCurrencyTest" classname="administration.AddNewCurrencyTest" time="6.793"/>
  <testcase name="addNewTaxClassesTest" classname="administration.AddNewTaxTest" time="6.952"/>
  <testcase name="addNewTaxRatesTest" classname="administration.AddNewTaxTest" time="5.024"/>
  <testcase name="changeCurrencyTest" classname="administration.ChangeCurrencyTest" time="0">
    <skipped message="Incorrect tax iMac expected [true] but found [false]"/>
    <system-err><![CDATA[Starting ChromeDriver 96.0.4664.45 (76e4c1bb2ab4671b8beba3444e61c0f17584b2fc-refs/branch-heads/4664@{#947}) on port 17949
Only local connections are allowed.
Please see https://chromedriver.chromium.org/security-considerations for suggestions on keeping ChromeDriver safe.
ChromeDriver was started successfully.
груд. 03, 2021 5:50:49 ПП org.openqa.selenium.remote.ProtocolHandshake createSession
INFO: Detected dialect: W3C
]]></system-err>
  </testcase>
  <testcase name="changeCurrencyTest" classname="administration.ChangeCurrencyTest" time="0">
    <skipped message="Incorrect tax iMac expected [true] but found [false]"/>
  </testcase>
  <testcase name="changeCurrencyTest" classname="administration.ChangeCurrencyTest" time="2.008">
    <failure message="Incorrect tax iMac expected [true] but found [false]" type="java.lang.AssertionError">java.lang.AssertionError: Incorrect tax iMac expected [true] but found [false]
	at administration.ChangeCurrencyTest.changeCurrencyTest(ChangeCurrencyTest.java:25)
</failure>
  </testcase>
  <testcase name="loginUserThenSearchElementAndAddToCardThenCheckout" classname="administration.CheckTaxInStoreTest" time="13.265"/>
  <testcase name="deleteCurrencyTest" classname="administration.DeleteCurrencyTest" time="5.619"/>
  <testcase name="deleteTaxClassesTest" classname="administration.DeleteTaxTest" time="5.672"/>
  <testcase name="deleteTaxRatesTest" classname="administration.DeleteTaxTest" time="4.195"/>
  <testcase name="editNewCurrencyTest" classname="administration.EditCurrencyTest" time="8.247"/>
  <testcase name="editTaxClassesTest" classname="administration.EditTaxTest" time="7.675"/>
  <testcase name="search2ProductAndAddToCart" classname="SearchAdd2ProductTest" time="6.206"/>
  <testcase name="search4ProductAndAddToCart" classname="SearchAdd4ProductTest" time="18.728"/>
  <testcase name="searchProductNegativeTest" classname="SearchTest" time="3.742"/>
  <testcase name="searchProductPositiveTest" classname="SearchTest" time="2.818"/>
  <testcase name="searchByMenuAndAddToCompare" classname="stories.OrderOneProdUsingComparisonAsGuestUserTest" time="0">
    <skipped message="no such element: Unable to locate element: {&quot;method&quot;:&quot;xpath&quot;,&quot;selector&quot;:&quot;.//a[text()=&apos;product comparison&apos;]&quot;}&#10;  (Session info: chrome=96.0.4664.45)&#10;For documentation on this error, please visit: https://www.seleniumhq.org/exceptions/no_such_element.html&#10;Build info: version: &apos;3.141.59&apos;, revision: &apos;e82be7d358&apos;, time: &apos;2018-11-14T08:17:03&apos;&#10;System info: host: &apos;DESKTOP-QKRRSS8&apos;, ip: &apos;192.168.1.7&apos;, os.name: &apos;Windows 10&apos;, os.arch: &apos;amd64&apos;, os.version: &apos;10.0&apos;, java.version: &apos;17&apos;&#10;Driver info: org.openqa.selenium.chrome.ChromeDriver&#10;Capabilities {acceptInsecureCerts: false, browserName: chrome, browserVersion: 96.0.4664.45, chrome: {chromedriverVersion: 96.0.4664.45 (76e4c1bb2ab46..., userDataDir: C:\Users\1\AppData\Local\Te...}, goog:chromeOptions: {debuggerAddress: localhost:52030}, javascriptEnabled: true, networkConnectionEnabled: false, pageLoadStrategy: normal, platform: WINDOWS, platformName: WINDOWS, proxy: Proxy(), setWindowRect: true, strictFileInteractability: false, timeouts: {implicit: 0, pageLoad: 300000, script: 30000}, unhandledPromptBehavior: dismiss and notify, webauthn:extension:credBlob: true, webauthn:extension:largeBlob: true, webauthn:virtualAuthenticators: true}&#10;Session ID: 3b550c432919fca06637483825191719&#10;*** Element info: {Using=xpath, value=.//a[text()=&apos;product comparison&apos;]}"/>
    <system-err><![CDATA[Starting ChromeDriver 96.0.4664.45 (76e4c1bb2ab4671b8beba3444e61c0f17584b2fc-refs/branch-heads/4664@{#947}) on port 33004
Only local connections are allowed.
Please see https://chromedriver.chromium.org/security-considerations for suggestions on keeping ChromeDriver safe.
ChromeDriver was started successfully.
груд. 03, 2021 5:52:31 ПП org.openqa.selenium.remote.ProtocolHandshake createSession
INFO: Detected dialect: W3C
]]></system-err>
  </testcase>
  <testcase name="searchByMenuAndAddToCompare" classname="stories.OrderOneProdUsingComparisonAsGuestUserTest" time="3.989"/>
  <testcase name="stepCheckoutPerson" classname="stories.OrderOneProdUsingComparisonAsGuestUserTest" time="12.656"/>
  <testcase name="loginUserWithInWishListPage" classname="stories.OrderOneProdUsingProdComparisonAsLogUserTest" time="4.916"/>
  <testcase name="searchByMenuAndAddToCompare" classname="stories.OrderOneProdUsingProdComparisonAsLogUserTest" time="4.687"/>
  <testcase name="stepCheckoutPerson" classname="stories.OrderOneProdUsingProdComparisonAsLogUserTest" time="12.995"/>
  <testcase name="addProductToShoppingCartByProdPageTest" classname="stories.OrderOneProdUsingProductPageAsLogUserTest" time="5.694"/>
  <testcase name="loginUserWithInWishListPage" classname="stories.OrderOneProdUsingProductPageAsLogUserTest" time="2.759"/>
  <testcase name="stepCheckoutPerson" classname="stories.OrderOneProdUsingProductPageAsLogUserTest" time="12.316"/>
  <testcase name="searchElementAndAddToCard" classname="stories.OrderOneProdUsingSearchAsGuestUserTest" time="4.657"/>
  <testcase name="searchEoCard" classname="stories.OrderOneProdUsingSearchAsGuestUserTest" time="12.638"/>
  <testcase name="loginUserWithInWishListPage" classname="stories.OrderOneProdUsingSearchAsLogUserTest" time="4.592"/>
  <testcase name="searchElementAndAddToCard" classname="stories.OrderOneProdUsingSearchAsLogUserTest" time="2.355"/>
  <testcase name="stepCheckoutPerson" classname="stories.OrderOneProdUsingSearchAsLogUserTest" time="12.958"/>
  <testcase name="loginUserWithInWishListPage" classname="stories.OrderOneProdUsingWishlistAsLogUserTest" time="4.714"/>
  <testcase name="searchElementAndAddToWishlist" classname="stories.OrderOneProdUsingWishlistAsLogUserTest" time="3.329"/>
  <testcase name="stepCheckoutPerson" classname="stories.OrderOneProdUsingWishlistAsLogUserTest" time="12.621"/>
  <testcase name="addProductToShoppingCartByProdPageTest" classname="stories.OrderTreeProdUsingProductPageAsLogUserTest" time="11.892"/>
  <testcase name="loginUserWithInWishListPage" classname="stories.OrderTreeProdUsingProductPageAsLogUserTest" time="2.671"/>
  <testcase name="stepCheckoutPerson" classname="stories.OrderTreeProdUsingProductPageAsLogUserTest" time="13.333"/>
  <testcase name="loginUserWithInWishListPage" classname="stories.OrderTreeProdUsingSearchAsLogUserTest" time="4.681"/>
  <testcase name="searchElementAndAddToCard" classname="stories.OrderTreeProdUsingSearchAsLogUserTest" time="5.788"/>
  <testcase name="stepCheckoutPerson" classname="stories.OrderTreeProdUsingSearchAsLogUserTest" time="12.856"/>
  <testcase name="loginUserWithInWishListPage" classname="stories.OrderTreeProdUsingWishlistAsLogUserTest" time="6.126"/>
  <testcase name="searchElementAndAddToWishlist" classname="stories.OrderTreeProdUsingWishlistAsLogUserTest" time="3.365"/>
  <testcase name="searchElementAndAddToWishlist2" classname="stories.OrderTreeProdUsingWishlistAsLogUserTest" time="3.375"/>
  <testcase name="searchElementAndAddToWishlist3" classname="stories.OrderTreeProdUsingWishlistAsLogUserTest" time="3.308"/>
  <testcase name="stepCheckoutPerson" classname="stories.OrderTreeProdUsingWishlistAsLogUserTest" time="23.469"/>
  <testcase name="addProductToShoppingCartByProdPageTest" classname="stories.OrderTwoProdUsingProductPageAsLogUserTest" time="9.331"/>
  <testcase name="loginUserWithInWishListPage" classname="stories.OrderTwoProdUsingProductPageAsLogUserTest" time="2.593"/>
  <testcase name="stepCheckoutPerson" classname="stories.OrderTwoProdUsingProductPageAsLogUserTest" time="12.483"/>
  <testcase name="loginUserWithInWishListPage" classname="stories.OrderTwoProdUsingSearchAsLogUserTest" time="4.892"/>
  <testcase name="searchElementAndAddToCard" classname="stories.OrderTwoProdUsingSearchAsLogUserTest" time="4.042"/>
  <testcase name="stepCheckoutPerson" classname="stories.OrderTwoProdUsingSearchAsLogUserTest" time="12.934"/>
  <testcase name="loginUserWithInWishListPage" classname="stories.OrderTwoProdUsingWishlistAsLogUserTest" time="4.563"/>
  <testcase name="searchElementAndAddToWishlist" classname="stories.OrderTwoProdUsingWishlistAsLogUserTest" time="3.428"/>
  <testcase name="searchElementAndAddToWishlist2" classname="stories.OrderTwoProdUsingWishlistAsLogUserTest" time="3.351"/>
  <testcase name="stepCheckoutPerson" classname="stories.OrderTwoProdUsingWishlistAsLogUserTest" time="51.653"/>
  <testcase name="registerUserWithValidParameters" classname="UserRegisterTest" time="0">
    <skipped message="no such element: Unable to locate element: {&quot;method&quot;:&quot;css selector&quot;,&quot;selector&quot;:&quot;#input\-firstname&quot;}&#10;  (Session info: chrome=96.0.4664.45)&#10;For documentation on this error, please visit: https://www.seleniumhq.org/exceptions/no_such_element.html&#10;Build info: version: &apos;3.141.59&apos;, revision: &apos;e82be7d358&apos;, time: &apos;2018-11-14T08:17:03&apos;&#10;System info: host: &apos;DESKTOP-QKRRSS8&apos;, ip: &apos;192.168.1.7&apos;, os.name: &apos;Windows 10&apos;, os.arch: &apos;amd64&apos;, os.version: &apos;10.0&apos;, java.version: &apos;17&apos;&#10;Driver info: org.openqa.selenium.chrome.ChromeDriver&#10;Capabilities {acceptInsecureCerts: false, browserName: chrome, browserVersion: 96.0.4664.45, chrome: {chromedriverVersion: 96.0.4664.45 (76e4c1bb2ab46..., userDataDir: C:\Users\1\AppData\Local\Te...}, goog:chromeOptions: {debuggerAddress: localhost:53286}, javascriptEnabled: true, networkConnectionEnabled: false, pageLoadStrategy: normal, platform: WINDOWS, platformName: WINDOWS, proxy: Proxy(), setWindowRect: true, strictFileInteractability: false, timeouts: {implicit: 0, pageLoad: 300000, script: 30000}, unhandledPromptBehavior: dismiss and notify, webauthn:extension:credBlob: true, webauthn:extension:largeBlob: true, webauthn:virtualAuthenticators: true}&#10;Session ID: e2ea85f8bbc8d5e0b0cbe15e638c058e&#10;*** Element info: {Using=id, value=input-firstname}"/>
    <system-err><![CDATA[Starting ChromeDriver 96.0.4664.45 (76e4c1bb2ab4671b8beba3444e61c0f17584b2fc-refs/branch-heads/4664@{#947}) on port 36021
Only local connections are allowed.
Please see https://chromedriver.chromium.org/security-considerations for suggestions on keeping ChromeDriver safe.
ChromeDriver was started successfully.
груд. 03, 2021 5:58:20 ПП org.openqa.selenium.remote.ProtocolHandshake createSession
INFO: Detected dialect: W3C
]]></system-err>
  </testcase>
  <testcase name="registerUserWithValidParameters" classname="UserRegisterTest" time="5.604"/>
</testsuite>