<?xml version="1.0" encoding="UTF-8"?>
<testng-results ignored="7" total="17" passed="10" failed="0" skipped="0">
  <reporter-output>
  </reporter-output>
  <suite started-at="2021-11-17T12:32:48 EET" name="Surefire suite" finished-at="2021-11-17T12:34:14 EET" duration-ms="85904">
    <groups>
    </groups>
    <test started-at="2021-11-17T12:32:48 EET" name="Surefire test" finished-at="2021-11-17T12:34:14 EET" duration-ms="85904">
      <class name="SearchAdd4ProductTest">
        <test-method is-config="true" signature="createDriver()[pri:0, instance:SearchAdd4ProductTest@6105f8a3]" started-at="2021-11-17T12:33:28 EET" name="createDriver" finished-at="2021-11-17T12:33:30 EET" duration-ms="2559" status="PASS">
          <reporter-output>
          </reporter-output>
        </test-method> <!-- createDriver -->
        <test-method signature="searchElementAndAddToCard()[pri:0, instance:SearchAdd4ProductTest@6105f8a3]" started-at="2021-11-17T12:33:30 EET" name="searchElementAndAddToCard" finished-at="2021-11-17T12:33:47 EET" duration-ms="16219" status="PASS">
          <reporter-output>
          </reporter-output>
        </test-method> <!-- searchElementAndAddToCard -->
        <test-method is-config="true" signature="closeBrowser()[pri:0, instance:SearchAdd4ProductTest@6105f8a3]" started-at="2021-11-17T12:33:47 EET" name="closeBrowser" finished-at="2021-11-17T12:33:47 EET" duration-ms="327" status="PASS">
          <reporter-output>
          </reporter-output>
        </test-method> <!-- closeBrowser -->
      </class> <!-- SearchAdd4ProductTest -->
      <class name="AddTwoProdToWishlistTest">
        <test-method is-config="true" signature="createDriver()[pri:0, instance:AddTwoProdToWishlistTest@4c432866]" started-at="2021-11-17T12:34:04 EET" name="createDriver" finished-at="2021-11-17T12:34:07 EET" duration-ms="2078" status="PASS">
          <reporter-output>
          </reporter-output>
        </test-method> <!-- createDriver -->
        <test-method signature="loginUserWithInWishListPage()[pri:0, instance:AddTwoProdToWishlistTest@4c432866]" started-at="2021-11-17T12:34:07 EET" name="loginUserWithInWishListPage" finished-at="2021-11-17T12:34:10 EET" duration-ms="3256" status="PASS">
          <reporter-output>
          </reporter-output>
        </test-method> <!-- loginUserWithInWishListPage -->
        <test-method signature="searchElementAndAddToWishlist()[pri:0, instance:AddTwoProdToWishlistTest@4c432866]" started-at="2021-11-17T12:34:10 EET" name="searchElementAndAddToWishlist" finished-at="2021-11-17T12:34:13 EET" duration-ms="3446" status="PASS">
          <reporter-output>
          </reporter-output>
        </test-method> <!-- searchElementAndAddToWishlist -->
        <test-method is-config="true" signature="closeBrowser()[pri:0, instance:AddTwoProdToWishlistTest@4c432866]" started-at="2021-11-17T12:34:13 EET" name="closeBrowser" finished-at="2021-11-17T12:34:14 EET" duration-ms="327" status="PASS">
          <reporter-output>
          </reporter-output>
        </test-method> <!-- closeBrowser -->
      </class> <!-- AddTwoProdToWishlistTest -->
      <class name="AddOneProdToWishlistTest">
        <test-method is-config="true" signature="createDriver()[pri:0, instance:AddOneProdToWishlistTest@130a0f66]" started-at="2021-11-17T12:33:47 EET" name="createDriver" finished-at="2021-11-17T12:33:49 EET" duration-ms="2404" status="PASS">
          <reporter-output>
          </reporter-output>
        </test-method> <!-- createDriver -->
        <test-method signature="loginUserWithInWishListPage()[pri:0, instance:AddOneProdToWishlistTest@130a0f66]" started-at="2021-11-17T12:33:49 EET" name="loginUserWithInWishListPage" finished-at="2021-11-17T12:33:53 EET" duration-ms="3379" status="PASS">
          <reporter-output>
          </reporter-output>
        </test-method> <!-- loginUserWithInWishListPage -->
        <test-method signature="searchElementAndAddToWishlist()[pri:0, instance:AddOneProdToWishlistTest@130a0f66]" started-at="2021-11-17T12:33:53 EET" name="searchElementAndAddToWishlist" finished-at="2021-11-17T12:33:55 EET" duration-ms="1986" status="PASS">
          <reporter-output>
          </reporter-output>
        </test-method> <!-- searchElementAndAddToWishlist -->
        <test-method is-config="true" signature="closeBrowser()[pri:0, instance:AddOneProdToWishlistTest@130a0f66]" started-at="2021-11-17T12:33:55 EET" name="closeBrowser" finished-at="2021-11-17T12:33:55 EET" duration-ms="369" status="PASS">
          <reporter-output>
          </reporter-output>
        </test-method> <!-- closeBrowser -->
      </class> <!-- AddOneProdToWishlistTest -->
      <class name="AddOneComplexElementTest">
        <test-method is-config="true" signature="createDriver()[pri:0, instance:AddOneComplexElementTest@76b0ae1b]" started-at="2021-11-17T12:33:13 EET" name="createDriver" finished-at="2021-11-17T12:33:16 EET" duration-ms="2342" status="PASS">
          <reporter-output>
          </reporter-output>
        </test-method> <!-- createDriver -->
        <test-method signature="addOneComplexElementTest()[pri:0, instance:AddOneComplexElementTest@76b0ae1b]" started-at="2021-11-17T12:33:16 EET" name="addOneComplexElementTest" finished-at="2021-11-17T12:33:27 EET" duration-ms="11868" status="PASS">
          <reporter-output>
          </reporter-output>
        </test-method> <!-- addOneComplexElementTest -->
        <test-method is-config="true" signature="closeBrowser()[pri:0, instance:AddOneComplexElementTest@76b0ae1b]" started-at="2021-11-17T12:33:27 EET" name="closeBrowser" finished-at="2021-11-17T12:33:28 EET" duration-ms="433" status="PASS">
          <reporter-output>
          </reporter-output>
        </test-method> <!-- closeBrowser -->
      </class> <!-- AddOneComplexElementTest -->
      <class name="UserRegisterTest">
        <test-method is-config="true" signature="createDriver()[pri:0, instance:UserRegisterTest@2237bada]" started-at="2021-11-17T12:33:55 EET" name="createDriver" finished-at="2021-11-17T12:33:58 EET" duration-ms="2532" status="PASS">
          <reporter-output>
          </reporter-output>
        </test-method> <!-- createDriver -->
        <test-method signature="registerUserWithValidParameters()[pri:0, instance:UserRegisterTest@2237bada]" started-at="2021-11-17T12:33:58 EET" name="registerUserWithValidParameters" finished-at="2021-11-17T12:34:04 EET" duration-ms="6469" status="PASS">
          <reporter-output>
          </reporter-output>
        </test-method> <!-- registerUserWithValidParameters -->
        <test-method is-config="true" signature="closeBrowser()[pri:0, instance:UserRegisterTest@2237bada]" started-at="2021-11-17T12:34:04 EET" name="closeBrowser" finished-at="2021-11-17T12:34:04 EET" duration-ms="308" status="PASS">
          <reporter-output>
          </reporter-output>
        </test-method> <!-- closeBrowser -->
      </class> <!-- UserRegisterTest -->
      <class name="AddFourProdToWishlistTest">
        <test-method is-config="true" signature="setup(org.testng.ITestContext)[pri:0, instance:AddFourProdToWishlistTest@c1a4620]" started-at="2021-11-17T12:32:46 EET" name="setup" finished-at="2021-11-17T12:32:48 EET" duration-ms="1239" status="PASS">
          <params>
            <param index="0">
              <value>
                <![CDATA[org.testng.TestRunner@4353db40]]>
              </value>
            </param>
          </params>
          <reporter-output>
          </reporter-output>
        </test-method> <!-- setup -->
        <test-method is-config="true" signature="createDriver()[pri:0, instance:AddFourProdToWishlistTest@c1a4620]" started-at="2021-11-17T12:32:48 EET" name="createDriver" finished-at="2021-11-17T12:32:52 EET" duration-ms="4456" status="PASS">
          <reporter-output>
          </reporter-output>
        </test-method> <!-- createDriver -->
        <test-method signature="loginUserWithInWishListPage()[pri:0, instance:AddFourProdToWishlistTest@c1a4620]" started-at="2021-11-17T12:32:52 EET" name="loginUserWithInWishListPage" finished-at="2021-11-17T12:32:57 EET" duration-ms="4678" status="PASS">
          <reporter-output>
          </reporter-output>
        </test-method> <!-- loginUserWithInWishListPage -->
        <test-method signature="searchElementAndAddToWishlist()[pri:0, instance:AddFourProdToWishlistTest@c1a4620]" started-at="2021-11-17T12:32:57 EET" name="searchElementAndAddToWishlist" finished-at="2021-11-17T12:33:04 EET" duration-ms="7150" status="PASS">
          <reporter-output>
          </reporter-output>
        </test-method> <!-- searchElementAndAddToWishlist -->
        <test-method is-config="true" signature="closeBrowser()[pri:0, instance:AddFourProdToWishlistTest@c1a4620]" started-at="2021-11-17T12:33:05 EET" name="closeBrowser" finished-at="2021-11-17T12:33:05 EET" duration-ms="503" status="PASS">
          <reporter-output>
          </reporter-output>
        </test-method> <!-- closeBrowser -->
      </class> <!-- AddFourProdToWishlistTest -->
      <class name="SearchAdd2ProductTest">
        <test-method is-config="true" signature="createDriver()[pri:0, instance:SearchAdd2ProductTest@12365c88]" started-at="2021-11-17T12:33:05 EET" name="createDriver" finished-at="2021-11-17T12:33:08 EET" duration-ms="2950" status="PASS">
          <reporter-output>
          </reporter-output>
        </test-method> <!-- createDriver -->
        <test-method signature="searchElementAndAddToCard()[pri:0, instance:SearchAdd2ProductTest@12365c88]" started-at="2021-11-17T12:33:08 EET" name="searchElementAndAddToCard" finished-at="2021-11-17T12:33:13 EET" duration-ms="4933" status="PASS">
          <reporter-output>
          </reporter-output>
        </test-method> <!-- searchElementAndAddToCard -->
        <test-method is-config="true" signature="closeBrowser()[pri:0, instance:SearchAdd2ProductTest@12365c88]" started-at="2021-11-17T12:33:13 EET" name="closeBrowser" finished-at="2021-11-17T12:33:13 EET" duration-ms="355" status="PASS">
          <reporter-output>
          </reporter-output>
        </test-method> <!-- closeBrowser -->
      </class> <!-- SearchAdd2ProductTest -->
    </test> <!-- Surefire test -->
  </suite> <!-- Surefire suite -->
</testng-results>
