<?xml version="1.0" encoding="UTF-8"?>
<!-- Generated by org.testng.reporters.JUnitXMLReporter -->
<testsuite ignored="36" hostname="DESKTOP-QKRRSS8" failures="1" tests="68" name="Surefire test" time="680.091" errors="0" timestamp="2021-12-03T17:59:03 EET">
  <testcase classname="AddFourProdToWishlistTest" name="loginUserWithInWishListPage" time="4.291"/>
  <testcase classname="AddFourProdToWishlistTest" name="searchElementAndAddToWishlist" time="6.804"/>
  <testcase classname="AddOneComplexElementTest" name="addOneComplexElementTCartTest" time="13.575"/>
  <testcase classname="AddOneProdToCompareTest" name="searchByMenuAndAddToCompare" time="5.517"/>
  <testcase classname="AddOneProdToWishlistTest" name="loginUserWithInWishListPage" time="4.502"/>
  <testcase classname="AddOneProdToWishlistTest" name="searchElementAndAddToWishlist" time="2.206"/>
  <testcase classname="AddSixProdToCompareTest" name="searchElementAndAddToCompare" time="19.176"/>
  <testcase classname="AddToCompareAndWishlistTest" name="loginUserWithInWishListPage" time="4.073"/>
  <testcase classname="AddToCompareAndWishlistTest" name="searchByMenuAndAddToCompare" time="3.232"/>
  <testcase classname="AddTwoProdToCompareTest" name="searchElementAndAddToCompare" time="8.683"/>
  <testcase classname="AddTwoProdToWishlistTest" name="loginUserWithInWishListPage" time="4.166"/>
  <testcase classname="AddTwoProdToWishlistTest" name="searchElementAndAddToWishlist" time="3.596"/>
  <testcase classname="administration.AddNewCurrencyTest" name="addNewCurrencyTest" time="6.793"/>
  <testcase classname="administration.AddNewTaxTest" name="addNewTaxClassesTest" time="6.961"/>
  <testcase classname="administration.AddNewTaxTest" name="addNewTaxRatesTest" time="5.024"/>
  <testcase classname="administration.ChangeCurrencyTest" name="changeCurrencyTest" time="4.256">
    <skipped/>
  </testcase> <!-- changeCurrencyTest -->
  <testcase classname="administration.ChangeCurrencyTest" name="changeCurrencyTest" time="2.092">
    <skipped/>
  </testcase> <!-- changeCurrencyTest -->
  <testcase classname="administration.ChangeCurrencyTest" name="changeCurrencyTest" time="1.999">
    <failure type="java.lang.AssertionError" message="Incorrect tax iMac expected [true] but found [false]">
      <![CDATA[java.lang.AssertionError: Incorrect tax iMac expected [true] but found [false]
at steps.SearchPageBL.verifyiMacTax(SearchPageBL.java:90)
at administration.ChangeCurrencyTest.changeCurrencyTest(ChangeCurrencyTest.java:25)
at java.base/java.util.ArrayList.forEach(ArrayList.java:1511)
... Removed 35 stack frames]]>
    </failure>
  </testcase> <!-- changeCurrencyTest -->
  <testcase classname="administration.CheckTaxInStoreTest" name="loginUserThenSearchElementAndAddToCardThenCheckout" time="13.269"/>
  <testcase classname="administration.DeleteCurrencyTest" name="deleteCurrencyTest" time="5.619"/>
  <testcase classname="administration.DeleteTaxTest" name="deleteTaxClassesTest" time="5.673"/>
  <testcase classname="administration.DeleteTaxTest" name="deleteTaxRatesTest" time="4.195"/>
  <testcase classname="administration.EditCurrencyTest" name="editNewCurrencyTest" time="8.248"/>
  <testcase classname="administration.EditTaxTest" name="editTaxClassesTest" time="7.68"/>
  <testcase classname="SearchAdd2ProductTest" name="search2ProductAndAddToCart" time="6.206"/>
  <testcase classname="SearchAdd4ProductTest" name="search4ProductAndAddToCart" time="18.735"/>
  <testcase classname="SearchTest" name="searchProductNegativeTest" time="3.743"/>
  <testcase classname="SearchTest" name="searchProductPositiveTest" time="2.818"/>
  <testcase classname="stories.OrderOneProdUsingComparisonAsGuestUserTest" name="searchByMenuAndAddToCompare" time="5.192">
    <skipped/>
  </testcase> <!-- searchByMenuAndAddToCompare -->
  <testcase classname="stories.OrderOneProdUsingComparisonAsGuestUserTest" name="searchByMenuAndAddToCompare" time="3.989"/>
  <testcase classname="stories.OrderOneProdUsingComparisonAsGuestUserTest" name="stepCheckoutPerson" time="12.655"/>
  <testcase classname="stories.OrderOneProdUsingProdComparisonAsLogUserTest" name="loginUserWithInWishListPage" time="4.916"/>
  <testcase classname="stories.OrderOneProdUsingProdComparisonAsLogUserTest" name="searchByMenuAndAddToCompare" time="4.686"/>
  <testcase classname="stories.OrderOneProdUsingProdComparisonAsLogUserTest" name="stepCheckoutPerson" time="12.995"/>
  <testcase classname="stories.OrderOneProdUsingProductPageAsLogUserTest" name="addProductToShoppingCartByProdPageTest" time="5.699"/>
  <testcase classname="stories.OrderOneProdUsingProductPageAsLogUserTest" name="loginUserWithInWishListPage" time="2.758"/>
  <testcase classname="stories.OrderOneProdUsingProductPageAsLogUserTest" name="stepCheckoutPerson" time="12.316"/>
  <testcase classname="stories.OrderOneProdUsingSearchAsGuestUserTest" name="searchElementAndAddToCard" time="4.658"/>
  <testcase classname="stories.OrderOneProdUsingSearchAsGuestUserTest" name="searchEoCard" time="12.638"/>
  <testcase classname="stories.OrderOneProdUsingSearchAsLogUserTest" name="loginUserWithInWishListPage" time="4.579"/>
  <testcase classname="stories.OrderOneProdUsingSearchAsLogUserTest" name="searchElementAndAddToCard" time="2.354"/>
  <testcase classname="stories.OrderOneProdUsingSearchAsLogUserTest" name="stepCheckoutPerson" time="12.959"/>
  <testcase classname="stories.OrderOneProdUsingWishlistAsLogUserTest" name="loginUserWithInWishListPage" time="4.715"/>
  <testcase classname="stories.OrderOneProdUsingWishlistAsLogUserTest" name="searchElementAndAddToWishlist" time="3.328"/>
  <testcase classname="stories.OrderOneProdUsingWishlistAsLogUserTest" name="stepCheckoutPerson" time="12.622"/>
  <testcase classname="stories.OrderTreeProdUsingProductPageAsLogUserTest" name="addProductToShoppingCartByProdPageTest" time="11.892"/>
  <testcase classname="stories.OrderTreeProdUsingProductPageAsLogUserTest" name="loginUserWithInWishListPage" time="2.672"/>
  <testcase classname="stories.OrderTreeProdUsingProductPageAsLogUserTest" name="stepCheckoutPerson" time="13.333"/>
  <testcase classname="stories.OrderTreeProdUsingSearchAsLogUserTest" name="loginUserWithInWishListPage" time="4.681"/>
  <testcase classname="stories.OrderTreeProdUsingSearchAsLogUserTest" name="searchElementAndAddToCard" time="5.788"/>
  <testcase classname="stories.OrderTreeProdUsingSearchAsLogUserTest" name="stepCheckoutPerson" time="12.856"/>
  <testcase classname="stories.OrderTreeProdUsingWishlistAsLogUserTest" name="loginUserWithInWishListPage" time="6.125"/>
  <testcase classname="stories.OrderTreeProdUsingWishlistAsLogUserTest" name="searchElementAndAddToWishlist" time="3.364"/>
  <testcase classname="stories.OrderTreeProdUsingWishlistAsLogUserTest" name="searchElementAndAddToWishlist2" time="3.376"/>
  <testcase classname="stories.OrderTreeProdUsingWishlistAsLogUserTest" name="searchElementAndAddToWishlist3" time="3.307"/>
  <testcase classname="stories.OrderTreeProdUsingWishlistAsLogUserTest" name="stepCheckoutPerson" time="23.469"/>
  <testcase classname="stories.OrderTwoProdUsingProductPageAsLogUserTest" name="addProductToShoppingCartByProdPageTest" time="9.331"/>
  <testcase classname="stories.OrderTwoProdUsingProductPageAsLogUserTest" name="loginUserWithInWishListPage" time="2.593"/>
  <testcase classname="stories.OrderTwoProdUsingProductPageAsLogUserTest" name="stepCheckoutPerson" time="12.483"/>
  <testcase classname="stories.OrderTwoProdUsingSearchAsLogUserTest" name="loginUserWithInWishListPage" time="4.893"/>
  <testcase classname="stories.OrderTwoProdUsingSearchAsLogUserTest" name="searchElementAndAddToCard" time="4.042"/>
  <testcase classname="stories.OrderTwoProdUsingSearchAsLogUserTest" name="stepCheckoutPerson" time="12.937"/>
  <testcase classname="stories.OrderTwoProdUsingWishlistAsLogUserTest" name="loginUserWithInWishListPage" time="4.563"/>
  <testcase classname="stories.OrderTwoProdUsingWishlistAsLogUserTest" name="searchElementAndAddToWishlist" time="3.428"/>
  <testcase classname="stories.OrderTwoProdUsingWishlistAsLogUserTest" name="searchElementAndAddToWishlist2" time="3.351"/>
  <testcase classname="stories.OrderTwoProdUsingWishlistAsLogUserTest" name="stepCheckoutPerson" time="51.648"/>
  <testcase classname="UserRegisterTest" name="registerUserWithValidParameters" time="2.698">
    <skipped/>
  </testcase> <!-- registerUserWithValidParameters -->
  <testcase classname="UserRegisterTest" name="registerUserWithValidParameters" time="5.608"/>
  <testcase classname="stories.OrderTwoProdUsingProdComparisonAsLogUserTest" name="stepCheckoutPerson" time="0.0">
    <ignored/>
  </testcase> <!-- stepCheckoutPerson -->
  <testcase classname="BaseTest" name="@BeforeSuite setup" time="0.0">
    <ignored/>
  </testcase> <!-- @BeforeSuite setup -->
  <testcase classname="BaseTest" name="@BeforeSuite setup" time="0.0">
    <ignored/>
  </testcase> <!-- @BeforeSuite setup -->
  <testcase classname="BaseTest" name="@BeforeSuite setup" time="0.0">
    <ignored/>
  </testcase> <!-- @BeforeSuite setup -->
  <testcase classname="BaseTest" name="@BeforeSuite setup" time="0.0">
    <ignored/>
  </testcase> <!-- @BeforeSuite setup -->
  <testcase classname="BaseTest" name="@BeforeSuite setup" time="0.0">
    <ignored/>
  </testcase> <!-- @BeforeSuite setup -->
  <testcase classname="BaseTest" name="@BeforeSuite setup" time="0.0">
    <ignored/>
  </testcase> <!-- @BeforeSuite setup -->
  <testcase classname="BaseTest" name="@BeforeSuite setup" time="0.0">
    <ignored/>
  </testcase> <!-- @BeforeSuite setup -->
  <testcase classname="BaseTest" name="@BeforeSuite setup" time="0.0">
    <ignored/>
  </testcase> <!-- @BeforeSuite setup -->
  <testcase classname="BaseTest" name="@BeforeSuite setup" time="0.0">
    <ignored/>
  </testcase> <!-- @BeforeSuite setup -->
  <testcase classname="BaseTest" name="@BeforeSuite setup" time="0.0">
    <ignored/>
  </testcase> <!-- @BeforeSuite setup -->
  <testcase classname="BaseTest" name="@BeforeSuite setup" time="0.0">
    <ignored/>
  </testcase> <!-- @BeforeSuite setup -->
  <testcase classname="BaseTest" name="@BeforeSuite setup" time="0.0">
    <ignored/>
  </testcase> <!-- @BeforeSuite setup -->
  <testcase classname="stories.OrderTwoProdUsingProdComparisonAsLogUserTest" name="loginUserWithInWishListPage" time="0.0">
    <ignored/>
  </testcase> <!-- loginUserWithInWishListPage -->
  <testcase classname="administration.AdminBaseTest" name="@BeforeSuite setup" time="0.0">
    <ignored/>
  </testcase> <!-- @BeforeSuite setup -->
  <testcase classname="administration.AdminBaseTest" name="@BeforeSuite setup" time="0.0">
    <ignored/>
  </testcase> <!-- @BeforeSuite setup -->
  <testcase classname="administration.AdminBaseTest" name="@BeforeSuite setup" time="0.0">
    <ignored/>
  </testcase> <!-- @BeforeSuite setup -->
  <testcase classname="administration.AdminBaseTest" name="@BeforeSuite setup" time="0.0">
    <ignored/>
  </testcase> <!-- @BeforeSuite setup -->
  <testcase classname="administration.AdminBaseTest" name="@BeforeSuite setup" time="0.0">
    <ignored/>
  </testcase> <!-- @BeforeSuite setup -->
  <testcase classname="administration.AdminBaseTest" name="@BeforeSuite setup" time="0.0">
    <ignored/>
  </testcase> <!-- @BeforeSuite setup -->
  <testcase classname="administration.AdminBaseTest" name="@BeforeSuite setup" time="0.0">
    <ignored/>
  </testcase> <!-- @BeforeSuite setup -->
  <testcase classname="administration.AdminBaseTest" name="@BeforeSuite setup" time="0.0">
    <ignored/>
  </testcase> <!-- @BeforeSuite setup -->
  <testcase classname="stories.StoriesBaseTest" name="@BeforeSuite setup" time="0.0">
    <ignored/>
  </testcase> <!-- @BeforeSuite setup -->
  <testcase classname="stories.StoriesBaseTest" name="@BeforeSuite setup" time="0.0">
    <ignored/>
  </testcase> <!-- @BeforeSuite setup -->
  <testcase classname="stories.StoriesBaseTest" name="@BeforeSuite setup" time="0.0">
    <ignored/>
  </testcase> <!-- @BeforeSuite setup -->
  <testcase classname="stories.StoriesBaseTest" name="@BeforeSuite setup" time="0.0">
    <ignored/>
  </testcase> <!-- @BeforeSuite setup -->
  <testcase classname="stories.StoriesBaseTest" name="@BeforeSuite setup" time="0.0">
    <ignored/>
  </testcase> <!-- @BeforeSuite setup -->
  <testcase classname="stories.StoriesBaseTest" name="@BeforeSuite setup" time="0.0">
    <ignored/>
  </testcase> <!-- @BeforeSuite setup -->
  <testcase classname="stories.StoriesBaseTest" name="@BeforeSuite setup" time="0.0">
    <ignored/>
  </testcase> <!-- @BeforeSuite setup -->
  <testcase classname="stories.StoriesBaseTest" name="@BeforeSuite setup" time="0.0">
    <ignored/>
  </testcase> <!-- @BeforeSuite setup -->
  <testcase classname="stories.StoriesBaseTest" name="@BeforeSuite setup" time="0.0">
    <ignored/>
  </testcase> <!-- @BeforeSuite setup -->
  <testcase classname="stories.StoriesBaseTest" name="@BeforeSuite setup" time="0.0">
    <ignored/>
  </testcase> <!-- @BeforeSuite setup -->
  <testcase classname="stories.StoriesBaseTest" name="@BeforeSuite setup" time="0.0">
    <ignored/>
  </testcase> <!-- @BeforeSuite setup -->
  <testcase classname="stories.StoriesBaseTest" name="@BeforeSuite setup" time="0.0">
    <ignored/>
  </testcase> <!-- @BeforeSuite setup -->
  <testcase classname="stories.StoriesBaseTest" name="@BeforeSuite setup" time="0.0">
    <ignored/>
  </testcase> <!-- @BeforeSuite setup -->
  <testcase classname="stories.OrderTwoProdUsingProdComparisonAsLogUserTest" name="searchAndAddToCompare" time="0.0">
    <ignored/>
  </testcase> <!-- searchAndAddToCompare -->
</testsuite> <!-- Surefire test -->
