<?xml version="1.0" encoding="UTF-8"?>
<!-- Generated by org.testng.reporters.JUnitXMLReporter -->
<testsuite ignored="7" hostname="DESKTOP-QKRRSS8" failures="0" tests="10" name="Surefire test" time="85.904" errors="0" timestamp="2021-11-17T12:34:14 EET">
  <testcase classname="AddFourProdToWishlistTest" name="loginUserWithInWishListPage" time="4.678"/>
  <testcase classname="AddFourProdToWishlistTest" name="searchElementAndAddToWishlist" time="7.15"/>
  <testcase classname="SearchAdd2ProductTest" name="searchElementAndAddToCard" time="4.933"/>
  <testcase classname="AddOneComplexElementTest" name="addOneComplexElementTest" time="11.868"/>
  <testcase classname="SearchAdd4ProductTest" name="searchElementAndAddToCard" time="16.219"/>
  <testcase classname="AddOneProdToWishlistTest" name="loginUserWithInWishListPage" time="3.379"/>
  <testcase classname="AddOneProdToWishlistTest" name="searchElementAndAddToWishlist" time="1.986"/>
  <testcase classname="UserRegisterTest" name="registerUserWithValidParameters" time="6.469"/>
  <testcase classname="AddTwoProdToWishlistTest" name="loginUserWithInWishListPage" time="3.256"/>
  <testcase classname="AddTwoProdToWishlistTest" name="searchElementAndAddToWishlist" time="3.446"/>
  <testcase classname="BaseTest" name="@BeforeSuite setup" time="0.0">
    <ignored/>
  </testcase> <!-- @BeforeSuite setup -->
  <testcase classname="BaseTest" name="@BeforeSuite setup" time="0.0">
    <ignored/>
  </testcase> <!-- @BeforeSuite setup -->
  <testcase classname="BaseTest" name="@BeforeSuite setup" time="0.0">
    <ignored/>
  </testcase> <!-- @BeforeSuite setup -->
  <testcase classname="BaseTest" name="@BeforeSuite setup" time="0.0">
    <ignored/>
  </testcase> <!-- @BeforeSuite setup -->
  <testcase classname="BaseTest" name="@BeforeSuite setup" time="0.0">
    <ignored/>
  </testcase> <!-- @BeforeSuite setup -->
  <testcase classname="BaseTest" name="@BeforeSuite setup" time="0.0">
    <ignored/>
  </testcase> <!-- @BeforeSuite setup -->
  <testcase classname="BaseTest" name="@BeforeSuite setup" time="0.0">
    <ignored/>
  </testcase> <!-- @BeforeSuite setup -->
</testsuite> <!-- Surefire test -->
